Sat Nov 06 11:37:28 CET 2021 : Apache Derby Network Server - 10.10.2.0 - (1582446) started and ready to accept connections on port 1527
----------------------------------------------------------------
Sat Nov 06 11:37:28 CET 2021:
Booting Derby version The Apache Software Foundation - Apache Derby - 10.10.2.0 - (1582446): instance a816c00e-017c-f4d3-1d1b-0000545f4d92 
on database directory /home/wojciechskumajto/NetBeansProjects/LAB2/WebApplication/db/DataBaseNetWork with class loader sun.misc.Launcher$AppClassLoader@5e2de80c 
Loaded from file:/home/wojciechskumajto/glassfish4.1/glassfish4/javadb/lib/derby.jar
java.vendor=Oracle Corporation
java.runtime.version=1.8.0_311-b11
user.dir=/home/wojciechskumajto/glassfish4.1/glassfish4/javadb
os.name=Linux
os.arch=amd64
os.version=5.13.0-20-generic
derby.system.home=/home/wojciechskumajto/NetBeansProjects/LAB2/WebApplication/db/DataBaseNetWork
Database Class Loader started - derby.database.classpath=''
----------------------------------------------------------------
Sat Nov 06 11:37:48 CET 2021: Shutting down Derby engine
----------------------------------------------------------------
Sat Nov 06 11:37:48 CET 2021:
Shutting down instance a816c00e-017c-f4d3-1d1b-0000545f4d92 on database directory /home/wojciechskumajto/NetBeansProjects/LAB2/WebApplication/db/DataBaseNetWork with class loader sun.misc.Launcher$AppClassLoader@5e2de80c 
----------------------------------------------------------------
